TN:
SF:src\setupTests.ts
FN:4,(anonymous_0)
FN:9,(anonymous_1)
FN:13,(anonymous_2)
FN:19,(anonymous_3)
FN:30,(anonymous_4)
FN:35,(anonymous_5)
FN:39,(anonymous_6)
FN:47,(anonymous_7)
FN:65,(anonymous_8)
FNF:9
FNH:0
FNDA:0,(anonymous_0)
FNDA:0,(anonymous_1)
FNDA:0,(anonymous_2)
FNDA:0,(anonymous_3)
FNDA:0,(anonymous_4)
FNDA:0,(anonymous_5)
FNDA:0,(anonymous_6)
FNDA:0,(anonymous_7)
FNDA:0,(anonymous_8)
DA:4,0
DA:5,0
DA:9,0
DA:10,0
DA:13,0
DA:15,0
DA:19,0
DA:20,0
DA:21,0
DA:30,0
DA:35,0
DA:36,0
DA:37,0
DA:39,0
DA:47,0
DA:65,0
DA:66,0
LF:17
LH:0
BRF:0
BRH:0
end_of_record
TN:
SF:src\components\CategoryCard.tsx
FN:12,(anonymous_0)
FN:26,CategoryCard
FN:28,(anonymous_2)
FN:30,(anonymous_3)
FNF:4
FNH:0
FNDA:0,(anonymous_0)
FNDA:0,CategoryCard
FNDA:0,(anonymous_2)
FNDA:0,(anonymous_3)
DA:12,0
DA:13,0
DA:23,0
DA:27,0
DA:28,0
DA:30,0
DA:31,0
DA:37,0
DA:55,0
LF:9
LH:0
BRDA:45,0,0,0
BRDA:45,0,1,0
BRF:2
BRH:0
end_of_record
TN:
SF:src\components\ErrorBoundary.tsx
FN:14,(anonymous_0)
FN:19,(anonymous_1)
FN:23,(anonymous_2)
FN:27,(anonymous_3)
FN:31,(anonymous_4)
FNF:5
FNH:5
FNDA:6,(anonymous_0)
FNDA:8,(anonymous_1)
FNDA:4,(anonymous_2)
FNDA:1,(anonymous_3)
FNDA:16,(anonymous_4)
DA:15,6
DA:16,6
DA:20,8
DA:24,4
DA:27,6
DA:28,1
DA:32,16
DA:33,8
DA:46,8
DA:50,1
LF:10
LH:10
BRDA:32,0,0,8
BRDA:32,0,1,8
BRDA:37,1,0,8
BRDA:37,1,1,0
BRF:4
BRH:3
end_of_record
TN:
SF:src\components\NewsCard.tsx
FN:12,NewsCard
FN:15,(anonymous_1)
FNF:2
FNH:0
FNDA:0,NewsCard
FNDA:0,(anonymous_1)
DA:13,0
DA:15,0
DA:16,0
DA:19,0
DA:48,0
LF:5
LH:0
BRDA:21,0,0,0
BRDA:21,0,1,0
BRDA:37,1,0,0
BRDA:37,1,1,0
BRF:4
BRH:0
end_of_record
TN:
SF:src\components\Toast.tsx
FN:24,Toast
FN:35,(anonymous_1)
FN:49,(anonymous_2)
FN:53,(anonymous_3)
FN:56,(anonymous_4)
FN:68,(anonymous_5)
FN:73,(anonymous_6)
FNF:7
FNH:0
FNDA:0,Toast
FNDA:0,(anonymous_1)
FNDA:0,(anonymous_2)
FNDA:0,(anonymous_3)
FNDA:0,(anonymous_4)
FNDA:0,(anonymous_5)
FNDA:0,(anonymous_6)
DA:12,0
DA:31,0
DA:32,0
DA:33,0
DA:35,0
DA:36,0
DA:49,0
DA:50,0
DA:53,0
DA:56,0
DA:57,0
DA:69,0
DA:73,0
DA:74,0
DA:76,0
DA:78,0
DA:80,0
DA:84,0
DA:104,0
LF:19
LH:0
BRDA:26,0,0,0
BRDA:27,1,0,0
BRDA:29,2,0,0
BRDA:32,3,0,0
BRDA:32,3,1,0
BRDA:59,4,0,0
BRDA:59,4,1,0
BRDA:74,5,0,0
BRDA:74,5,1,0
BRDA:74,5,2,0
BRF:10
BRH:0
end_of_record
TN:
SF:src\contexts\AuthContext.tsx
FN:6,AuthProvider
FN:12,useAuthContext
FNF:2
FNH:0
FNDA:0,AuthProvider
FNDA:0,useAuthContext
DA:4,0
DA:7,0
DA:9,0
DA:13,0
DA:14,0
DA:15,0
DA:17,0
LF:7
LH:0
BRDA:14,0,0,0
BRDA:14,0,1,0
BRF:2
BRH:0
end_of_record
TN:
SF:src\contexts\ThemeContext.tsx
FN:51,ThemeProvider
FN:55,(anonymous_1)
FN:59,(anonymous_2)
FN:70,(anonymous_3)
FN:100,useTheme
FNF:5
FNH:0
FNDA:0,ThemeProvider
FNDA:0,(anonymous_1)
FNDA:0,(anonymous_2)
FNDA:0,(anonymous_3)
FNDA:0,useTheme
DA:18,0
DA:29,0
DA:47,0
DA:49,0
DA:52,0
DA:53,0
DA:55,0
DA:56,0
DA:59,0
DA:60,0
DA:61,0
DA:62,0
DA:63,0
DA:66,0
DA:70,0
DA:71,0
DA:72,0
DA:73,0
DA:75,0
DA:80,0
DA:84,0
DA:86,0
DA:93,0
DA:101,0
DA:102,0
DA:103,0
DA:105,0
LF:27
LH:0
BRDA:62,0,0,0
BRDA:62,0,1,0
BRDA:80,1,0,0
BRDA:80,1,1,0
BRDA:84,2,0,0
BRDA:84,2,1,0
BRDA:102,3,0,0
BRDA:102,3,1,0
BRF:8
BRH:0
end_of_record
TN:
SF:src\contexts\ToastContext.tsx
FN:19,ToastProvider
FN:22,(anonymous_1)
FN:26,(anonymous_2)
FN:38,useToast
FNF:4
FNH:0
FNDA:0,ToastProvider
FNDA:0,(anonymous_1)
FNDA:0,(anonymous_2)
FNDA:0,useToast
DA:17,0
DA:20,0
DA:22,0
DA:23,0
DA:26,0
DA:27,0
DA:30,0
DA:39,0
DA:40,0
DA:41,0
DA:43,0
LF:11
LH:0
BRDA:33,0,0,0
BRDA:33,0,1,0
BRDA:40,1,0,0
BRDA:40,1,1,0
BRF:4
BRH:0
end_of_record
TN:
SF:src\hooks\useAuth.ts
FN:5,useAuth
FN:10,(anonymous_1)
FN:12,(anonymous_2)
FN:20,(anonymous_3)
FN:27,(anonymous_4)
FN:32,signOut
FNF:6
FNH:0
FNDA:0,useAuth
FNDA:0,(anonymous_1)
FNDA:0,(anonymous_2)
FNDA:0,(anonymous_3)
FNDA:0,(anonymous_4)
FNDA:0,signOut
DA:6,0
DA:7,0
DA:8,0
DA:10,0
DA:12,0
DA:13,0
DA:14,0
DA:15,0
DA:19,0
DA:21,0
DA:22,0
DA:23,0
DA:27,0
DA:28,0
DA:33,0
DA:34,0
DA:36,0
DA:40,0
LF:18
LH:0
BRDA:14,0,0,0
BRDA:14,0,1,0
BRDA:22,1,0,0
BRDA:22,1,1,0
BRF:4
BRH:0
end_of_record
TN:
SF:src\hooks\useCategories.ts
FN:14,fetchCategories
FN:35,useCategories
FNF:2
FNH:0
FNDA:0,fetchCategories
FNDA:0,useCategories
DA:15,0
DA:16,0
DA:21,0
DA:22,0
DA:24,0
DA:25,0
DA:38,0
LF:7
LH:0
BRDA:21,0,0,0
BRDA:21,0,1,0
BRDA:36,1,0,0
BRF:3
BRH:0
end_of_record
TN:
SF:src\hooks\useCategoryArticles.ts
FN:5,fetchCategoryArticles
FN:27,useCategoryArticles
FN:33,(anonymous_2)
FNF:3
FNH:0
FNDA:0,fetchCategoryArticles
FNDA:0,useCategoryArticles
FNDA:0,(anonymous_2)
DA:6,0
DA:7,0
DA:13,0
DA:14,0
DA:16,0
DA:17,0
DA:31,0
DA:33,0
LF:8
LH:0
BRDA:13,0,0,0
BRDA:13,0,1,0
BRDA:29,1,0,0
BRF:3
BRH:0
end_of_record
TN:
SF:src\hooks\useOfflineArticles.ts
FN:12,fetchArticles
FN:40,useOfflineArticles
FNF:2
FNH:0
FNDA:0,fetchArticles
FNDA:0,useOfflineArticles
DA:6,1
DA:13,0
DA:14,0
DA:19,0
DA:22,0
DA:23,0
DA:26,0
DA:27,0
DA:43,0
LF:9
LH:1
BRDA:19,0,0,0
BRDA:19,0,1,0
BRDA:27,1,0,0
BRDA:27,1,1,0
BRDA:41,2,0,0
BRF:5
BRH:0
end_of_record
TN:
SF:src\hooks\useSavedArticles.ts
FN:8,fetchSavedArticles
FN:20,(anonymous_1)
FN:40,useSavedArticles
FN:46,(anonymous_3)
FNF:4
FNH:0
FNDA:0,fetchSavedArticles
FNDA:0,(anonymous_1)
FNDA:0,useSavedArticles
FNDA:0,(anonymous_3)
DA:9,0
DA:11,0
DA:12,0
DA:18,0
DA:20,0
DA:26,0
DA:27,0
DA:30,0
DA:44,0
DA:46,0
LF:10
LH:0
BRDA:9,0,0,0
BRDA:9,0,1,0
BRDA:18,1,0,0
BRDA:18,1,1,0
BRDA:42,2,0,0
BRDA:47,3,0,0
BRDA:47,3,1,0
BRF:7
BRH:0
end_of_record
TN:
SF:src\hooks\useSearch.ts
FN:11,useSearch
FN:17,(anonymous_1)
FNF:2
FNH:0
FNDA:0,useSearch
FNDA:0,(anonymous_1)
DA:15,0
DA:18,0
DA:20,0
DA:27,0
DA:28,0
LF:5
LH:0
BRDA:13,0,0,0
BRDA:18,1,0,0
BRDA:18,1,1,0
BRDA:27,2,0,0
BRDA:27,2,1,0
BRDA:30,3,0,0
BRDA:30,3,1,0
BRF:7
BRH:0
end_of_record
TN:
SF:src\integrations\supabase\client.ts
FNF:0
FNH:0
DA:6,0
DA:7,0
DA:9,0
DA:10,0
DA:13,0
LF:5
LH:0
BRDA:9,0,0,0
BRDA:9,0,1,0
BRDA:9,1,0,0
BRDA:9,1,1,0
BRF:4
BRH:0
end_of_record
TN:
SF:src\lib\api.ts
FN:5,fetchArticles
FN:15,fetchArticle
FN:26,fetchSavedArticles
FN:33,(anonymous_3)
FN:39,useArticles
FN:52,useArticle
FN:61,(anonymous_6)
FN:66,useSavedArticles
FN:75,(anonymous_8)
FNF:9
FNH:0
FNDA:0,fetchArticles
FNDA:0,fetchArticle
FNDA:0,fetchSavedArticles
FNDA:0,(anonymous_3)
FNDA:0,useArticles
FNDA:0,useArticle
FNDA:0,(anonymous_6)
FNDA:0,useSavedArticles
FNDA:0,(anonymous_8)
DA:6,0
DA:11,0
DA:12,0
DA:16,0
DA:22,0
DA:23,0
DA:27,0
DA:32,0
DA:33,0
DA:45,0
DA:59,0
DA:61,0
DA:73,0
DA:75,0
LF:14
LH:0
BRDA:11,0,0,0
BRDA:11,0,1,0
BRDA:22,1,0,0
BRDA:22,1,1,0
BRDA:32,2,0,0
BRDA:32,2,1,0
BRF:6
BRH:0
end_of_record
TN:
SF:src\lib\storage.ts
FN:11,cacheArticles
FN:22,getCachedArticles
FN:32,cacheSavedArticles
FN:43,getCachedSavedArticles
FN:60,saveUserPreferences
FN:71,getUserPreferences
FN:81,clearStorage
FNF:7
FNH:0
FNDA:0,cacheArticles
FNDA:0,getCachedArticles
FNDA:0,cacheSavedArticles
FNDA:0,getCachedSavedArticles
FNDA:0,saveUserPreferences
FNDA:0,getUserPreferences
FNDA:0,clearStorage
DA:4,0
DA:12,0
DA:13,0
DA:18,0
DA:23,0
DA:24,0
DA:25,0
DA:27,0
DA:28,0
DA:33,0
DA:34,0
DA:39,0
DA:44,0
DA:45,0
DA:46,0
DA:48,0
DA:49,0
DA:61,0
DA:62,0
DA:67,0
DA:72,0
DA:73,0
DA:74,0
DA:76,0
DA:77,0
DA:82,0
DA:83,0
DA:85,0
LF:28
LH:0
BRDA:25,0,0,0
BRDA:25,0,1,0
BRDA:46,1,0,0
BRDA:46,1,1,0
BRDA:74,2,0,0
BRDA:74,2,1,0
BRF:6
BRH:0
end_of_record
TN:
SF:src\lib\utils.ts
FN:1,debounce
FN:7,executedFunction
FN:8,(anonymous_2)
FN:20,formatDate
FN:29,truncateText
FN:34,getInitials
FN:37,(anonymous_6)
FN:42,isValidUrl
FN:51,generateUniqueId
FNF:9
FNH:0
FNDA:0,debounce
FNDA:0,executedFunction
FNDA:0,(anonymous_2)
FNDA:0,formatDate
FNDA:0,truncateText
FNDA:0,getInitials
FNDA:0,(anonymous_6)
FNDA:0,isValidUrl
FNDA:0,generateUniqueId
DA:5,0
DA:7,0
DA:8,0
DA:9,0
DA:10,0
DA:13,0
DA:14,0
DA:16,0
DA:21,0
DA:22,0
DA:30,0
DA:31,0
DA:35,0
DA:37,0
DA:43,0
DA:44,0
DA:45,0
DA:47,0
DA:52,0
LF:19
LH:0
BRDA:13,0,0,0
BRDA:13,0,1,0
BRDA:30,1,0,0
BRDA:30,1,1,0
BRF:4
BRH:0
end_of_record
TN:
SF:src\navigation\Navigation.tsx
FN:20,MainTabs
FN:68,Navigation
FNF:2
FNH:0
FNDA:0,MainTabs
FNDA:0,Navigation
DA:17,0
DA:18,0
DA:21,0
DA:69,0
LF:4
LH:0
BRF:0
BRH:0
end_of_record
TN:
SF:src\screens\Article.tsx
FN:22,ArticleScreen
FN:26,(anonymous_1)
FN:29,(anonymous_2)
FN:37,(anonymous_3)
FN:45,(anonymous_4)
FN:50,(anonymous_5)
FN:67,(anonymous_6)
FN:86,(anonymous_7)
FN:98,(anonymous_8)
FNF:9
FNH:0
FNDA:0,ArticleScreen
FNDA:0,(anonymous_1)
FNDA:0,(anonymous_2)
FNDA:0,(anonymous_3)
FNDA:0,(anonymous_4)
FNDA:0,(anonymous_5)
FNDA:0,(anonymous_6)
FNDA:0,(anonymous_7)
FNDA:0,(anonymous_8)
DA:23,0
DA:25,0
DA:27,0
DA:30,0
DA:32,0
DA:34,0
DA:37,0
DA:40,0
DA:41,0
DA:42,0
DA:43,0
DA:45,0
DA:46,0
DA:47,0
DA:50,0
DA:51,0
DA:52,0
DA:58,0
DA:59,0
DA:61,0
DA:63,0
DA:67,0
DA:68,0
DA:69,0
DA:70,0
DA:72,0
DA:79,0
DA:80,0
DA:82,0
DA:86,0
DA:87,0
DA:88,0
DA:89,0
DA:94,0
DA:98,0
DA:99,0
DA:100,0
DA:101,0
DA:102,0
DA:103,0
DA:106,0
DA:107,0
DA:113,0
DA:120,0
DA:122,0
DA:126,0
DA:127,0
DA:134,0
DA:135,0
DA:142,0
DA:192,0
LF:51
LH:0
BRDA:30,0,0,0
BRDA:30,0,1,0
BRDA:58,1,0,0
BRDA:58,1,1,0
BRDA:70,2,0,0
BRDA:70,2,1,0
BRDA:79,3,0,0
BRDA:79,3,1,0
BRDA:79,4,0,0
BRDA:79,4,1,0
BRDA:87,5,0,0
BRDA:87,5,1,0
BRDA:101,6,0,0
BRDA:101,6,1,0
BRDA:106,7,0,0
BRDA:106,7,1,0
BRDA:126,8,0,0
BRDA:126,8,1,0
BRDA:134,9,0,0
BRDA:134,9,1,0
BRDA:146,10,0,0
BRDA:146,10,1,0
BRDA:159,11,0,0
BRDA:159,11,1,0
BRDA:174,12,0,0
BRDA:174,12,1,0
BRF:26
BRH:0
end_of_record
TN:
SF:src\screens\Auth.tsx
FN:16,AuthScreen
FN:23,(anonymous_1)
FN:27,(anonymous_2)
FN:32,(anonymous_3)
FN:52,(anonymous_4)
FN:141,(anonymous_5)
FNF:6
FNH:0
FNDA:0,AuthScreen
FNDA:0,(anonymous_1)
FNDA:0,(anonymous_2)
FNDA:0,(anonymous_3)
FNDA:0,(anonymous_4)
FNDA:0,(anonymous_5)
DA:17,0
DA:18,0
DA:19,0
DA:20,0
DA:21,0
DA:23,0
DA:24,0
DA:27,0
DA:28,0
DA:29,0
DA:32,0
DA:33,0
DA:34,0
DA:38,0
DA:40,0
DA:45,0
DA:48,0
DA:52,0
DA:53,0
DA:54,0
DA:55,0
DA:56,0
DA:59,0
DA:60,0
DA:61,0
DA:62,0
DA:66,0
DA:67,0
DA:69,0
DA:73,0
DA:76,0
DA:77,0
DA:79,0
DA:82,0
DA:86,0
DA:141,0
DA:154,0
LF:37
LH:0
BRDA:38,0,0,0
BRDA:38,0,1,0
BRDA:45,1,0,0
BRDA:45,1,1,0
BRDA:53,2,0,0
BRDA:53,2,1,0
BRDA:54,3,0,0
BRDA:54,3,1,0
BRDA:54,4,0,0
BRDA:54,4,1,0
BRDA:61,5,0,0
BRDA:61,5,1,0
BRDA:66,6,0,0
BRDA:66,6,1,0
BRDA:73,7,0,0
BRDA:73,7,1,0
BRDA:76,8,0,0
BRDA:76,8,1,0
BRDA:88,9,0,0
BRDA:88,9,1,0
BRDA:94,10,0,0
BRDA:94,10,1,0
BRDA:120,11,0,0
BRDA:120,11,1,0
BRDA:122,12,0,0
BRDA:122,12,1,0
BRDA:128,13,0,0
BRDA:128,13,1,0
BRDA:128,13,2,0
BRDA:144,14,0,0
BRDA:144,14,1,0
BRF:31
BRH:0
end_of_record
TN:
SF:src\screens\Categories.tsx
FN:13,CategoriesScreen
FN:26,(anonymous_1)
FN:30,(anonymous_2)
FNF:3
FNH:0
FNDA:0,CategoriesScreen
FNDA:0,(anonymous_1)
FNDA:0,(anonymous_2)
DA:20,0
DA:25,0
DA:26,0
DA:30,0
DA:32,0
DA:33,0
DA:40,0
DA:41,0
DA:50,0
DA:78,0
LF:10
LH:0
BRDA:15,0,0,0
BRDA:32,1,0,0
BRDA:32,1,1,0
BRDA:32,2,0,0
BRDA:32,2,1,0
BRDA:40,3,0,0
BRDA:40,3,1,0
BRF:7
BRH:0
end_of_record
TN:
SF:src\screens\CategoryArticles.tsx
FN:18,CategoryArticlesScreen
FN:23,(anonymous_1)
FN:42,(anonymous_2)
FN:46,(anonymous_3)
FNF:4
FNH:0
FNDA:0,CategoryArticlesScreen
FNDA:0,(anonymous_1)
FNDA:0,(anonymous_2)
FNDA:0,(anonymous_3)
DA:19,0
DA:20,0
DA:21,0
DA:23,0
DA:24,0
DA:36,0
DA:41,0
DA:42,0
DA:46,0
DA:48,0
DA:49,0
DA:56,0
DA:57,0
DA:66,0
DA:94,0
LF:15
LH:0
BRDA:31,0,0,0
BRDA:48,1,0,0
BRDA:48,1,1,0
BRDA:48,2,0,0
BRDA:48,2,1,0
BRDA:56,3,0,0
BRDA:56,3,1,0
BRF:7
BRH:0
end_of_record
TN:
SF:src\screens\Home.tsx
FN:14,HomeScreen
FN:27,(anonymous_1)
FN:31,(anonymous_2)
FNF:3
FNH:0
FNDA:0,HomeScreen
FNDA:0,(anonymous_1)
FNDA:0,(anonymous_2)
DA:21,0
DA:26,0
DA:27,0
DA:31,0
DA:33,0
DA:34,0
DA:41,0
DA:42,0
DA:51,0
DA:78,0
LF:10
LH:0
BRDA:16,0,0,0
BRDA:33,1,0,0
BRDA:33,1,1,0
BRDA:33,2,0,0
BRDA:33,2,1,0
BRDA:41,3,0,0
BRDA:41,3,1,0
BRDA:41,4,0,0
BRDA:41,4,1,0
BRF:9
BRH:0
end_of_record
TN:
SF:src\screens\Profile.tsx
FN:25,ProfileScreen
FN:32,(anonymous_1)
FN:41,(anonymous_2)
FN:45,(anonymous_3)
FN:50,(anonymous_4)
FN:60,(anonymous_5)
FN:86,(anonymous_6)
FN:107,(anonymous_7)
FN:114,(anonymous_8)
FNF:9
FNH:0
FNDA:0,ProfileScreen
FNDA:0,(anonymous_1)
FNDA:0,(anonymous_2)
FNDA:0,(anonymous_3)
FNDA:0,(anonymous_4)
FNDA:0,(anonymous_5)
FNDA:0,(anonymous_6)
FNDA:0,(anonymous_7)
FNDA:0,(anonymous_8)
DA:18,0
DA:26,0
DA:27,0
DA:28,0
DA:30,0
DA:33,0
DA:34,0
DA:40,0
DA:42,0
DA:43,0
DA:46,0
DA:50,0
DA:51,0
DA:52,0
DA:56,0
DA:60,0
DA:61,0
DA:78,0
DA:79,0
DA:86,0
DA:94,0
DA:107,0
DA:114,0
DA:141,0
LF:24
LH:0
BRDA:34,0,0,0
BRDA:34,0,1,0
BRDA:51,1,0,0
BRDA:51,1,1,0
BRDA:78,2,0,0
BRDA:78,2,1,0
BRF:6
BRH:0
end_of_record
TN:
SF:src\screens\SavedNews.tsx
FN:19,SavedNewsScreen
FN:36,(anonymous_1)
FN:40,(anonymous_2)
FN:50,(anonymous_3)
FN:74,(anonymous_4)
FNF:5
FNH:0
FNDA:0,SavedNewsScreen
FNDA:0,(anonymous_1)
FNDA:0,(anonymous_2)
FNDA:0,(anonymous_3)
FNDA:0,(anonymous_4)
DA:20,0
DA:21,0
DA:29,0
DA:35,0
DA:36,0
DA:40,0
DA:42,0
DA:43,0
DA:50,0
DA:58,0
DA:59,0
DA:66,0
DA:67,0
DA:74,0
DA:82,0
DA:110,0
LF:16
LH:0
BRDA:24,0,0,0
BRDA:42,1,0,0
BRDA:42,1,1,0
BRDA:58,2,0,0
BRDA:58,2,1,0
BRDA:58,3,0,0
BRDA:58,3,1,0
BRDA:66,4,0,0
BRDA:66,4,1,0
BRF:9
BRH:0
end_of_record
TN:
SF:src\screens\Search.tsx
FN:17,SearchScreen
FN:32,(anonymous_1)
FN:38,(anonymous_2)
FN:43,(anonymous_3)
FN:50,(anonymous_4)
FN:54,(anonymous_5)
FN:56,(anonymous_6)
FN:73,(anonymous_7)
FNF:8
FNH:0
FNDA:0,SearchScreen
FNDA:0,(anonymous_1)
FNDA:0,(anonymous_2)
FNDA:0,(anonymous_3)
FNDA:0,(anonymous_4)
FNDA:0,(anonymous_5)
FNDA:0,(anonymous_6)
FNDA:0,(anonymous_7)
DA:18,0
DA:19,0
DA:26,0
DA:31,0
DA:33,0
DA:38,0
DA:39,0
DA:40,0
DA:43,0
DA:44,0
DA:45,0
DA:46,0
DA:49,0
DA:50,0
DA:54,0
DA:56,0
DA:57,0
DA:58,0
DA:65,0
DA:66,0
DA:73,0
DA:81,0
DA:82,0
DA:91,0
DA:92,0
DA:101,0
DA:113,0
DA:142,0
LF:28
LH:0
BRDA:22,0,0,0
BRDA:57,1,0,0
BRDA:57,1,1,0
BRDA:57,2,0,0
BRDA:57,2,1,0
BRDA:65,3,0,0
BRDA:65,3,1,0
BRDA:81,4,0,0
BRDA:81,4,1,0
BRDA:91,5,0,0
BRDA:91,5,1,0
BRDA:127,6,0,0
BRDA:127,6,1,0
BRF:13
BRH:0
end_of_record
TN:
SF:src\types\article.ts
FNF:0
FNH:0
LF:0
LH:0
BRF:0
BRH:0
end_of_record
